<?xml version="1.0" encoding="UTF-8"?>
<!-- Generated by org.testng.reporters.JUnitReportReporter -->
<testsuite skipped="0" hostname="DESKTOP-025SP2O" name="com.sdet.AppTest" tests="2" failures="0" timestamp="28 Aug 2021 09:13:06 GMT" time="0.015" errors="0">
  <testcase name="testlogin2" time="0.002" classname="com.sdet.AppTest"/>
  <testcase name="testlogin1" time="0.013" classname="com.sdet.AppTest"/>
</testsuite> <!-- com.sdet.AppTest -->
