<?xml version="1.0" encoding="UTF-8"?>
<!-- Generated by org.testng.reporters.JUnitReportReporter -->
<testsuite skipped="0" hostname="DESKTOP-025SP2O" name="com.sdet.TC_Login" tests="1" failures="0" timestamp="28 Aug 2021 09:13:06 GMT" time="14.602" errors="0">
  <testcase name="login_Test" time="14.602" classname="com.sdet.TC_Login"/>
</testsuite> <!-- com.sdet.TC_Login -->
